<?xml version="1.0" encoding="UTF-8"?>
<coverage generated="1740463283000" clover="3.2.0">
  <project timestamp="1740463283000" name="All files">
    <metrics statements="52" coveredstatements="47" conditionals="26" coveredconditionals="20" methods="25" coveredmethods="22" elements="103" coveredelements="89" complexity="0" loc="52" ncloc="52" packages="4" files="7" classes="7"/>
    <package name="constants">
      <metrics statements="3" coveredstatements="3" conditionals="0" coveredconditionals="0" methods="2" coveredmethods="2"/>
      <file name="config.js" path="/Users/sojeongyoo/Documents/woowahan/javascript-lotto/src/constants/config.js">
        <metrics statements="3" coveredstatements="3" conditionals="0" coveredconditionals="0" methods="2" coveredmethods="2"/>
        <line num="1" count="4" type="stmt"/>
        <line num="14" count="1" type="stmt"/>
        <line num="15" count="1" type="stmt"/>
      </file>
    </package>
    <package name="domain">
      <metrics statements="19" coveredstatements="17" conditionals="20" coveredconditionals="15" methods="5" coveredmethods="4"/>
      <file name="validation.js" path="/Users/sojeongyoo/Documents/woowahan/javascript-lotto/src/domain/validation.js">
        <metrics statements="19" coveredstatements="17" conditionals="20" coveredconditionals="15" methods="5" coveredmethods="4"/>
        <line num="3" count="4" type="stmt"/>
        <line num="25" count="4" type="stmt"/>
        <line num="26" count="4" type="cond" truecount="2" falsecount="0"/>
        <line num="27" count="2" type="stmt"/>
        <line num="29" count="2" type="cond" truecount="2" falsecount="0"/>
        <line num="30" count="1" type="stmt"/>
        <line num="35" count="118" type="cond" truecount="2" falsecount="0"/>
        <line num="39" count="22" type="cond" truecount="2" falsecount="0"/>
        <line num="40" count="2" type="stmt"/>
        <line num="43" count="20" type="cond" truecount="2" falsecount="0"/>
        <line num="44" count="2" type="stmt"/>
        <line num="47" count="18" type="cond" truecount="2" falsecount="0"/>
        <line num="48" count="2" type="stmt"/>
        <line num="53" count="3" type="cond" truecount="2" falsecount="0"/>
        <line num="54" count="2" type="stmt"/>
        <line num="57" count="1" type="cond" truecount="1" falsecount="1"/>
        <line num="58" count="1" type="stmt"/>
        <line num="63" count="0" type="cond" truecount="0" falsecount="4"/>
        <line num="64" count="0" type="stmt"/>
      </file>
    </package>
    <package name="domain.model">
      <metrics statements="25" coveredstatements="22" conditionals="6" coveredconditionals="5" methods="17" coveredmethods="15"/>
      <file name="Lotto.js" path="/Users/sojeongyoo/Documents/woowahan/javascript-lotto/src/domain/model/Lotto.js">
        <metrics statements="5" coveredstatements="5" conditionals="0" coveredconditionals="0" methods="6" coveredmethods="6"/>
        <line num="7" count="16" type="stmt"/>
        <line num="8" count="16" type="stmt"/>
        <line num="12" count="27" type="stmt"/>
        <line num="16" count="22" type="stmt"/>
        <line num="20" count="18" type="stmt"/>
      </file>
      <file name="LottoStatistics.js" path="/Users/sojeongyoo/Documents/woowahan/javascript-lotto/src/domain/model/LottoStatistics.js">
        <metrics statements="15" coveredstatements="12" conditionals="6" coveredconditionals="5" methods="7" coveredmethods="5"/>
        <line num="7" count="2" type="stmt"/>
        <line num="17" count="2" type="stmt"/>
        <line num="18" count="2" type="stmt"/>
        <line num="19" count="2" type="stmt"/>
        <line num="20" count="2" type="stmt"/>
        <line num="22" count="2" type="stmt"/>
        <line num="26" count="2" type="cond" truecount="4" falsecount="0"/>
        <line num="27" count="1" type="stmt"/>
        <line num="30" count="1" type="stmt"/>
        <line num="34" count="2" type="stmt"/>
        <line num="35" count="2" type="cond" truecount="1" falsecount="1"/>
        <line num="36" count="0" type="stmt"/>
        <line num="38" count="2" type="stmt"/>
        <line num="42" count="0" type="stmt"/>
        <line num="43" count="0" type="stmt"/>
      </file>
      <file name="calculateRevenueRate.js" path="/Users/sojeongyoo/Documents/woowahan/javascript-lotto/src/domain/model/calculateRevenueRate.js">
        <metrics statements="1" coveredstatements="1" conditionals="0" coveredconditionals="0" methods="1" coveredmethods="1"/>
        <line num="2" count="4" type="stmt"/>
      </file>
      <file name="createLottos.js" path="/Users/sojeongyoo/Documents/woowahan/javascript-lotto/src/domain/model/createLottos.js">
        <metrics statements="4" coveredstatements="4" conditionals="0" coveredconditionals="0" methods="3" coveredmethods="3"/>
        <line num="6" count="8" type="stmt"/>
        <line num="11" count="8" type="stmt"/>
        <line num="15" count="1" type="stmt"/>
        <line num="16" count="8" type="stmt"/>
      </file>
    </package>
    <package name="utils">
      <metrics statements="5" coveredstatements="5" conditionals="0" coveredconditionals="0" methods="1" coveredmethods="1"/>
      <file name="pickNumberInList.js" path="/Users/sojeongyoo/Documents/woowahan/javascript-lotto/src/utils/pickNumberInList.js">
        <metrics statements="5" coveredstatements="5" conditionals="0" coveredconditionals="0" methods="1" coveredmethods="1"/>
        <line num="2" count="8" type="stmt"/>
        <line num="3" count="8" type="stmt"/>
        <line num="4" count="51" type="stmt"/>
        <line num="5" count="51" type="stmt"/>
        <line num="7" count="8" type="stmt"/>
      </file>
    </package>
  </project>
</coverage>
