{"/Users/sojeongyoo/Documents/woowahan/javascript-lotto/src/constants/config.js": {"path":"/Users/sojeongyoo/Documents/woowahan/javascript-lotto/src/constants/config.js","statementMap":{"0":{"start":{"line":1,"column":15},"end":{"line":27,"column":2}},"1":{"start":{"line":14,"column":28},"end":{"line":14,"column":56}},"2":{"start":{"line":15,"column":29},"end":{"line":15,"column":47}}},"fnMap":{"0":{"name":"(anonymous_0)","decl":{"start":{"line":14,"column":13},"end":{"line":14,"column":14}},"loc":{"start":{"line":14,"column":28},"end":{"line":14,"column":56}},"line":14},"1":{"name":"(anonymous_1)","decl":{"start":{"line":15,"column":14},"end":{"line":15,"column":15}},"loc":{"start":{"line":15,"column":29},"end":{"line":15,"column":47}},"line":15}},"branchMap":{},"s":{"0":4,"1":1,"2":1},"f":{"0":1,"1":1},"b":{},"_coverageSchema":"1a1c01bbd47fc00a2c39e90264f33305004495a9","hash":"83475ec5a91be1140442037ef5308ffed26a0dae"}
,"/Users/sojeongyoo/Documents/woowahan/javascript-lotto/src/domain/validation.js": {"path":"/Users/sojeongyoo/Documents/woowahan/javascript-lotto/src/domain/validation.js","statementMap":{"0":{"start":{"line":3,"column":23},"end":{"line":22,"column":2}},"1":{"start":{"line":25,"column":15},"end":{"line":25,"column":16}},"2":{"start":{"line":26,"column":2},"end":{"line":28,"column":3}},"3":{"start":{"line":27,"column":4},"end":{"line":27,"column":54}},"4":{"start":{"line":29,"column":2},"end":{"line":31,"column":3}},"5":{"start":{"line":30,"column":4},"end":{"line":30,"column":53}},"6":{"start":{"line":35,"column":2},"end":{"line":35,"column":80}},"7":{"start":{"line":39,"column":2},"end":{"line":41,"column":3}},"8":{"start":{"line":40,"column":4},"end":{"line":40,"column":58}},"9":{"start":{"line":43,"column":2},"end":{"line":45,"column":3}},"10":{"start":{"line":44,"column":4},"end":{"line":44,"column":55}},"11":{"start":{"line":47,"column":2},"end":{"line":49,"column":3}},"12":{"start":{"line":48,"column":4},"end":{"line":48,"column":61}},"13":{"start":{"line":53,"column":2},"end":{"line":55,"column":3}},"14":{"start":{"line":54,"column":4},"end":{"line":54,"column":54}},"15":{"start":{"line":57,"column":2},"end":{"line":59,"column":3}},"16":{"start":{"line":58,"column":4},"end":{"line":58,"column":60}},"17":{"start":{"line":63,"column":2},"end":{"line":65,"column":3}},"18":{"start":{"line":64,"column":4},"end":{"line":64,"column":54}}},"fnMap":{"0":{"name":"validateMoney","decl":{"start":{"line":24,"column":9},"end":{"line":24,"column":22}},"loc":{"start":{"line":24,"column":30},"end":{"line":32,"column":1}},"line":24},"1":{"name":"lottoNumberCondition","decl":{"start":{"line":34,"column":9},"end":{"line":34,"column":29}},"loc":{"start":{"line":34,"column":38},"end":{"line":36,"column":1}},"line":34},"2":{"name":"validateLottoNumber","decl":{"start":{"line":38,"column":9},"end":{"line":38,"column":28}},"loc":{"start":{"line":38,"column":38},"end":{"line":50,"column":1}},"line":38},"3":{"name":"validateBonus","decl":{"start":{"line":52,"column":9},"end":{"line":52,"column":22}},"loc":{"start":{"line":52,"column":44},"end":{"line":60,"column":1}},"line":52},"4":{"name":"validateRestart","decl":{"start":{"line":62,"column":9},"end":{"line":62,"column":24}},"loc":{"start":{"line":62,"column":41},"end":{"line":66,"column":1}},"line":62}},"branchMap":{"0":{"loc":{"start":{"line":26,"column":2},"end":{"line":28,"column":3}},"type":"if","locations":[{"start":{"line":26,"column":2},"end":{"line":28,"column":3}},{"start":{},"end":{}}],"line":26},"1":{"loc":{"start":{"line":29,"column":2},"end":{"line":31,"column":3}},"type":"if","locations":[{"start":{"line":29,"column":2},"end":{"line":31,"column":3}},{"start":{},"end":{}}],"line":29},"2":{"loc":{"start":{"line":35,"column":9},"end":{"line":35,"column":79}},"type":"binary-expr","locations":[{"start":{"line":35,"column":9},"end":{"line":35,"column":42}},{"start":{"line":35,"column":46},"end":{"line":35,"column":79}}],"line":35},"3":{"loc":{"start":{"line":39,"column":2},"end":{"line":41,"column":3}},"type":"if","locations":[{"start":{"line":39,"column":2},"end":{"line":41,"column":3}},{"start":{},"end":{}}],"line":39},"4":{"loc":{"start":{"line":43,"column":2},"end":{"line":45,"column":3}},"type":"if","locations":[{"start":{"line":43,"column":2},"end":{"line":45,"column":3}},{"start":{},"end":{}}],"line":43},"5":{"loc":{"start":{"line":47,"column":2},"end":{"line":49,"column":3}},"type":"if","locations":[{"start":{"line":47,"column":2},"end":{"line":49,"column":3}},{"start":{},"end":{}}],"line":47},"6":{"loc":{"start":{"line":53,"column":2},"end":{"line":55,"column":3}},"type":"if","locations":[{"start":{"line":53,"column":2},"end":{"line":55,"column":3}},{"start":{},"end":{}}],"line":53},"7":{"loc":{"start":{"line":57,"column":2},"end":{"line":59,"column":3}},"type":"if","locations":[{"start":{"line":57,"column":2},"end":{"line":59,"column":3}},{"start":{},"end":{}}],"line":57},"8":{"loc":{"start":{"line":63,"column":2},"end":{"line":65,"column":3}},"type":"if","locations":[{"start":{"line":63,"column":2},"end":{"line":65,"column":3}},{"start":{},"end":{}}],"line":63},"9":{"loc":{"start":{"line":63,"column":6},"end":{"line":63,"column":81}},"type":"binary-expr","locations":[{"start":{"line":63,"column":6},"end":{"line":63,"column":42}},{"start":{"line":63,"column":46},"end":{"line":63,"column":81}}],"line":63}},"s":{"0":4,"1":4,"2":4,"3":2,"4":2,"5":1,"6":118,"7":22,"8":2,"9":20,"10":2,"11":18,"12":2,"13":3,"14":2,"15":1,"16":1,"17":0,"18":0},"f":{"0":4,"1":118,"2":22,"3":3,"4":0},"b":{"0":[2,2],"1":[1,1],"2":[118,116],"3":[2,20],"4":[2,18],"5":[2,16],"6":[2,1],"7":[1,0],"8":[0,0],"9":[0,0]},"_coverageSchema":"1a1c01bbd47fc00a2c39e90264f33305004495a9","hash":"04a9216f9d193c84e52c8b087da8b09884ddefb0"}
,"/Users/sojeongyoo/Documents/woowahan/javascript-lotto/src/domain/model/Lotto.js": {"path":"/Users/sojeongyoo/Documents/woowahan/javascript-lotto/src/domain/model/Lotto.js","statementMap":{"0":{"start":{"line":7,"column":4},"end":{"line":7,"column":33}},"1":{"start":{"line":8,"column":4},"end":{"line":8,"column":28}},"2":{"start":{"line":12,"column":4},"end":{"line":12,"column":47}},"3":{"start":{"line":12,"column":40},"end":{"line":12,"column":45}},"4":{"start":{"line":16,"column":4},"end":{"line":16,"column":42}},"5":{"start":{"line":20,"column":4},"end":{"line":20,"column":67}},"6":{"start":{"line":20,"column":36},"end":{"line":20,"column":58}}},"fnMap":{"0":{"name":"(anonymous_0)","decl":{"start":{"line":6,"column":2},"end":{"line":6,"column":3}},"loc":{"start":{"line":6,"column":23},"end":{"line":9,"column":3}},"line":6},"1":{"name":"(anonymous_1)","decl":{"start":{"line":11,"column":2},"end":{"line":11,"column":3}},"loc":{"start":{"line":11,"column":15},"end":{"line":13,"column":3}},"line":11},"2":{"name":"(anonymous_2)","decl":{"start":{"line":12,"column":30},"end":{"line":12,"column":31}},"loc":{"start":{"line":12,"column":40},"end":{"line":12,"column":45}},"line":12},"3":{"name":"(anonymous_3)","decl":{"start":{"line":15,"column":2},"end":{"line":15,"column":3}},"loc":{"start":{"line":15,"column":20},"end":{"line":17,"column":3}},"line":15},"4":{"name":"(anonymous_4)","decl":{"start":{"line":19,"column":2},"end":{"line":19,"column":3}},"loc":{"start":{"line":19,"column":31},"end":{"line":21,"column":3}},"line":19},"5":{"name":"(anonymous_5)","decl":{"start":{"line":20,"column":24},"end":{"line":20,"column":25}},"loc":{"start":{"line":20,"column":36},"end":{"line":20,"column":58}},"line":20}},"branchMap":{},"s":{"0":16,"1":16,"2":4,"3":27,"4":22,"5":3,"6":18},"f":{"0":16,"1":4,"2":27,"3":22,"4":3,"5":18},"b":{},"_coverageSchema":"1a1c01bbd47fc00a2c39e90264f33305004495a9","hash":"6a2faae14b0c20b90f62950e81918bc087f7ef91"}
,"/Users/sojeongyoo/Documents/woowahan/javascript-lotto/src/domain/model/LottoStatistics.js": {"path":"/Users/sojeongyoo/Documents/woowahan/javascript-lotto/src/domain/model/LottoStatistics.js","statementMap":{"0":{"start":{"line":7,"column":4},"end":{"line":13,"column":6}},"1":{"start":{"line":17,"column":4},"end":{"line":21,"column":7}},"2":{"start":{"line":18,"column":30},"end":{"line":18,"column":87}},"3":{"start":{"line":19,"column":36},"end":{"line":19,"column":81}},"4":{"start":{"line":20,"column":6},"end":{"line":20,"column":65}},"5":{"start":{"line":22,"column":4},"end":{"line":22,"column":28}},"6":{"start":{"line":26,"column":4},"end":{"line":28,"column":5}},"7":{"start":{"line":27,"column":6},"end":{"line":27,"column":96}},"8":{"start":{"line":30,"column":4},"end":{"line":30,"column":95}},"9":{"start":{"line":34,"column":23},"end":{"line":34,"column":24}},"10":{"start":{"line":35,"column":4},"end":{"line":37,"column":5}},"11":{"start":{"line":36,"column":6},"end":{"line":36,"column":13}},"12":{"start":{"line":38,"column":4},"end":{"line":38,"column":47}},"13":{"start":{"line":42,"column":4},"end":{"line":45,"column":6}},"14":{"start":{"line":43,"column":20},"end":{"line":43,"column":85}}},"fnMap":{"0":{"name":"(anonymous_0)","decl":{"start":{"line":6,"column":2},"end":{"line":6,"column":3}},"loc":{"start":{"line":6,"column":16},"end":{"line":14,"column":3}},"line":6},"1":{"name":"(anonymous_1)","decl":{"start":{"line":16,"column":2},"end":{"line":16,"column":3}},"loc":{"start":{"line":16,"column":42},"end":{"line":23,"column":3}},"line":16},"2":{"name":"(anonymous_2)","decl":{"start":{"line":17,"column":23},"end":{"line":17,"column":24}},"loc":{"start":{"line":17,"column":38},"end":{"line":21,"column":5}},"line":17},"3":{"name":"(anonymous_3)","decl":{"start":{"line":25,"column":2},"end":{"line":25,"column":3}},"loc":{"start":{"line":25,"column":56},"end":{"line":31,"column":3}},"line":25},"4":{"name":"(anonymous_4)","decl":{"start":{"line":33,"column":2},"end":{"line":33,"column":3}},"loc":{"start":{"line":33,"column":33},"end":{"line":39,"column":3}},"line":33},"5":{"name":"(anonymous_5)","decl":{"start":{"line":41,"column":2},"end":{"line":41,"column":3}},"loc":{"start":{"line":41,"column":20},"end":{"line":46,"column":3}},"line":41},"6":{"name":"(anonymous_6)","decl":{"start":{"line":43,"column":6},"end":{"line":43,"column":7}},"loc":{"start":{"line":43,"column":20},"end":{"line":43,"column":85}},"line":43}},"branchMap":{"0":{"loc":{"start":{"line":26,"column":4},"end":{"line":28,"column":5}},"type":"if","locations":[{"start":{"line":26,"column":4},"end":{"line":28,"column":5}},{"start":{},"end":{}}],"line":26},"1":{"loc":{"start":{"line":26,"column":8},"end":{"line":26,"column":89}},"type":"binary-expr","locations":[{"start":{"line":26,"column":8},"end":{"line":26,"column":64}},{"start":{"line":26,"column":68},"end":{"line":26,"column":89}}],"line":26},"2":{"loc":{"start":{"line":35,"column":4},"end":{"line":37,"column":5}},"type":"if","locations":[{"start":{"line":35,"column":4},"end":{"line":37,"column":5}},{"start":{},"end":{}}],"line":35}},"s":{"0":2,"1":2,"2":2,"3":2,"4":2,"5":2,"6":2,"7":1,"8":1,"9":2,"10":2,"11":0,"12":2,"13":0,"14":0},"f":{"0":2,"1":2,"2":2,"3":2,"4":2,"5":0,"6":0},"b":{"0":[1,1],"1":[2,1],"2":[0,2]},"_coverageSchema":"1a1c01bbd47fc00a2c39e90264f33305004495a9","hash":"bb1c1e36d21a0204c8a7c272fa3ca110f0795322"}
,"/Users/sojeongyoo/Documents/woowahan/javascript-lotto/src/domain/model/calculateRevenueRate.js": {"path":"/Users/sojeongyoo/Documents/woowahan/javascript-lotto/src/domain/model/calculateRevenueRate.js","statementMap":{"0":{"start":{"line":2,"column":2},"end":{"line":2,"column":62}}},"fnMap":{"0":{"name":"calculateRevenueRate","decl":{"start":{"line":1,"column":24},"end":{"line":1,"column":44}},"loc":{"start":{"line":1,"column":69},"end":{"line":3,"column":1}},"line":1}},"branchMap":{},"s":{"0":4},"f":{"0":4},"b":{},"_coverageSchema":"1a1c01bbd47fc00a2c39e90264f33305004495a9","hash":"a6e8b121a9f9d5403b313f4aa1c3fde0ecb8a907"}
,"/Users/sojeongyoo/Documents/woowahan/javascript-lotto/src/domain/model/createLottos.js": {"path":"/Users/sojeongyoo/Documents/woowahan/javascript-lotto/src/domain/model/createLottos.js","statementMap":{"0":{"start":{"line":6,"column":24},"end":{"line":10,"column":4}},"1":{"start":{"line":11,"column":2},"end":{"line":11,"column":34}},"2":{"start":{"line":15,"column":19},"end":{"line":15,"column":45}},"3":{"start":{"line":16,"column":2},"end":{"line":16,"column":67}},"4":{"start":{"line":16,"column":52},"end":{"line":16,"column":65}}},"fnMap":{"0":{"name":"createLotto","decl":{"start":{"line":5,"column":9},"end":{"line":5,"column":20}},"loc":{"start":{"line":5,"column":23},"end":{"line":12,"column":1}},"line":5},"1":{"name":"createLottos","decl":{"start":{"line":14,"column":24},"end":{"line":14,"column":36}},"loc":{"start":{"line":14,"column":44},"end":{"line":17,"column":1}},"line":14},"2":{"name":"(anonymous_2)","decl":{"start":{"line":16,"column":46},"end":{"line":16,"column":47}},"loc":{"start":{"line":16,"column":52},"end":{"line":16,"column":65}},"line":16}},"branchMap":{},"s":{"0":8,"1":8,"2":1,"3":1,"4":8},"f":{"0":8,"1":1,"2":8},"b":{},"_coverageSchema":"1a1c01bbd47fc00a2c39e90264f33305004495a9","hash":"90f60de9cb9ceaa67bddb5a4f9293ad4e67d7551"}
,"/Users/sojeongyoo/Documents/woowahan/javascript-lotto/src/utils/pickNumberInList.js": {"path":"/Users/sojeongyoo/Documents/woowahan/javascript-lotto/src/utils/pickNumberInList.js","statementMap":{"0":{"start":{"line":2,"column":24},"end":{"line":2,"column":33}},"1":{"start":{"line":3,"column":2},"end":{"line":6,"column":3}},"2":{"start":{"line":4,"column":25},"end":{"line":4,"column":74}},"3":{"start":{"line":5,"column":4},"end":{"line":5,"column":36}},"4":{"start":{"line":7,"column":2},"end":{"line":7,"column":28}}},"fnMap":{"0":{"name":"pickNumberInList","decl":{"start":{"line":1,"column":24},"end":{"line":1,"column":40}},"loc":{"start":{"line":1,"column":63},"end":{"line":8,"column":1}},"line":1}},"branchMap":{},"s":{"0":8,"1":8,"2":51,"3":51,"4":8},"f":{"0":8},"b":{},"_coverageSchema":"1a1c01bbd47fc00a2c39e90264f33305004495a9","hash":"34e64a733158abb8f5a87f5ad1b9c803da3b890d"}
}
