TN:
SF:src/constants/config.js
FN:14,(anonymous_0)
FN:15,(anonymous_1)
FNF:2
FNH:2
FNDA:1,(anonymous_0)
FNDA:1,(anonymous_1)
DA:1,4
DA:14,1
DA:15,1
LF:3
LH:3
BRF:0
BRH:0
end_of_record
TN:
SF:src/domain/validation.js
FN:24,validateMoney
FN:34,lottoNumberCondition
FN:38,validateLottoNumber
FN:52,validateBonus
FN:62,validateRestart
FNF:5
FNH:4
FNDA:4,validateMoney
FNDA:118,lottoNumberCondition
FNDA:22,validateLottoNumber
FNDA:3,validateBonus
FNDA:0,validateRestart
DA:3,4
DA:25,4
DA:26,4
DA:27,2
DA:29,2
DA:30,1
DA:35,118
DA:39,22
DA:40,2
DA:43,20
DA:44,2
DA:47,18
DA:48,2
DA:53,3
DA:54,2
DA:57,1
DA:58,1
DA:63,0
DA:64,0
LF:19
LH:17
BRDA:26,0,0,2
BRDA:26,0,1,2
BRDA:29,1,0,1
BRDA:29,1,1,1
BRDA:35,2,0,118
BRDA:35,2,1,116
BRDA:39,3,0,2
BRDA:39,3,1,20
BRDA:43,4,0,2
BRDA:43,4,1,18
BRDA:47,5,0,2
BRDA:47,5,1,16
BRDA:53,6,0,2
BRDA:53,6,1,1
BRDA:57,7,0,1
BRDA:57,7,1,0
BRDA:63,8,0,0
BRDA:63,8,1,0
BRDA:63,9,0,0
BRDA:63,9,1,0
BRF:20
BRH:15
end_of_record
TN:
SF:src/domain/model/Lotto.js
FN:6,(anonymous_0)
FN:11,(anonymous_1)
FN:12,(anonymous_2)
FN:15,(anonymous_3)
FN:19,(anonymous_4)
FN:20,(anonymous_5)
FNF:6
FNH:6
FNDA:16,(anonymous_0)
FNDA:4,(anonymous_1)
FNDA:27,(anonymous_2)
FNDA:22,(anonymous_3)
FNDA:3,(anonymous_4)
FNDA:18,(anonymous_5)
DA:7,16
DA:8,16
DA:12,27
DA:16,22
DA:20,18
LF:5
LH:5
BRF:0
BRH:0
end_of_record
TN:
SF:src/domain/model/LottoStatistics.js
FN:6,(anonymous_0)
FN:16,(anonymous_1)
FN:17,(anonymous_2)
FN:25,(anonymous_3)
FN:33,(anonymous_4)
FN:41,(anonymous_5)
FN:43,(anonymous_6)
FNF:7
FNH:5
FNDA:2,(anonymous_0)
FNDA:2,(anonymous_1)
FNDA:2,(anonymous_2)
FNDA:2,(anonymous_3)
FNDA:2,(anonymous_4)
FNDA:0,(anonymous_5)
FNDA:0,(anonymous_6)
DA:7,2
DA:17,2
DA:18,2
DA:19,2
DA:20,2
DA:22,2
DA:26,2
DA:27,1
DA:30,1
DA:34,2
DA:35,2
DA:36,0
DA:38,2
DA:42,0
DA:43,0
LF:15
LH:12
BRDA:26,0,0,1
BRDA:26,0,1,1
BRDA:26,1,0,2
BRDA:26,1,1,1
BRDA:35,2,0,0
BRDA:35,2,1,2
BRF:6
BRH:5
end_of_record
TN:
SF:src/domain/model/calculateRevenueRate.js
FN:1,calculateRevenueRate
FNF:1
FNH:1
FNDA:4,calculateRevenueRate
DA:2,4
LF:1
LH:1
BRF:0
BRH:0
end_of_record
TN:
SF:src/domain/model/createLottos.js
FN:5,createLotto
FN:14,createLottos
FN:16,(anonymous_2)
FNF:3
FNH:3
FNDA:8,createLotto
FNDA:1,createLottos
FNDA:8,(anonymous_2)
DA:6,8
DA:11,8
DA:15,1
DA:16,8
LF:4
LH:4
BRF:0
BRH:0
end_of_record
TN:
SF:src/utils/pickNumberInList.js
FN:1,pickNumberInList
FNF:1
FNH:1
FNDA:8,pickNumberInList
DA:2,8
DA:3,8
DA:4,51
DA:5,51
DA:7,8
LF:5
LH:5
BRF:0
BRH:0
end_of_record
